1546951962324	geckodriver	INFO	geckodriver 0.18.0
1546951962327	geckodriver	INFO	Listening on 127.0.0.1:57933
1546951963447	geckodriver::marionette	INFO	Starting browser /usr/bin/firefox with args ["-marionette"]
1546951963829	addons.webextension.screenshots@mozilla.org	WARN	Loading extension 'screenshots@mozilla.org': Reading manifest: Invalid host permission: resource://pdf.js/
1546951963830	addons.webextension.screenshots@mozilla.org	WARN	Loading extension 'screenshots@mozilla.org': Reading manifest: Invalid host permission: about:reader*
1546951963980	Marionette	DEBUG	Received observer notification profile-after-change
1546951964065	Marionette	DEBUG	Received observer notification command-line-startup
1546951964065	Marionette	DEBUG	Received observer notification nsPref:changed
1546951964066	Marionette	DEBUG	Init aborted (running=false, enabled=true, finalUIStartup=false)
1546951964324	Marionette	DEBUG	Received observer notification toplevel-window-ready
1546951965145	Marionette	DEBUG	Received observer notification sessionstore-windows-restored
1546951965145	Marionette	DEBUG	Waiting for delayed startup...
1546951965272	Marionette	DEBUG	Setting recommended pref app.normandy.api_url to 
1546951965273	Marionette	DEBUG	Setting recommended pref app.update.disabledForTesting to true
1546951965273	Marionette	DEBUG	Setting recommended pref security.turn_off_all_security_so_that_viruses_can_take_over_this_computer to true
1546951965273	Marionette	DEBUG	Setting recommended pref browser.contentblocking.introCount to 99
1546951965274	Marionette	DEBUG	Setting recommended pref browser.safebrowsing.passwords.enabled to false
1546951965274	Marionette	DEBUG	Setting recommended pref browser.urlbar.suggest.searches to false
1546951965274	Marionette	DEBUG	Setting recommended pref datareporting.policy.dataSubmissionPolicyAccepted to false
1546951965275	Marionette	DEBUG	Setting recommended pref dom.disable_beforeunload to true
1546951965275	Marionette	DEBUG	Setting recommended pref dom.file.createInChild to true
1546951965275	Marionette	DEBUG	Setting recommended pref toolkit.cosmeticAnimations.enabled to false
1546951965316	Marionette	INFO	Listening on port 42937
1546951965316	Marionette	DEBUG	Remote service is active
1546951965436	Marionette	DEBUG	Accepted connection 0 from 127.0.0.1:38132
1546951965440	Marionette	TRACE	0 -> [0,1,"newSession",{"acceptInsecureCerts":true,"browserName":"firefox","capabilities":{"desiredCapabilities":{"acceptInsecureCerts":true,"browserName":"firefox"}}}]
1546951965441	Marionette	TRACE	0 <- [1,1,{"error":"unknown command","message":"newSession","stacktrace":"WebDriverError@chrome://marionette/content/error.js:178: ... et@chrome://marionette/content/server.js:236:8\n_onJSONObjectReady/<@chrome://marionette/content/transport.js:490:9\n"},null]
1546951965452	Marionette	DEBUG	Closed connection 0
[Parent 20825, Gecko_IOThread] WARNING: pipe error (96): Connection reset by peer: file /build/firefox-wWf_B4/firefox-64.0+build3/ipc/chromium/src/chrome/common/ipc_channel_posix.cc, line 363
[Parent 20825, Gecko_IOThread] WARNING: pipe error (77): Connection reset by peer: file /build/firefox-wWf_B4/firefox-64.0+build3/ipc/chromium/src/chrome/common/ipc_channel_posix.cc, line 363
1546951982499	Marionette	DEBUG	Received observer notification xpcom-will-shutdown
1546951982499	Marionette	DEBUG	Resetting recommended pref app.normandy.api_url
1546951982500	Marionette	DEBUG	Resetting recommended pref app.update.disabledForTesting
1546951982500	Marionette	DEBUG	Resetting recommended pref security.turn_off_all_security_so_that_viruses_can_take_over_this_computer
1546951982500	Marionette	DEBUG	Resetting recommended pref browser.contentblocking.introCount
1546951982500	Marionette	DEBUG	Resetting recommended pref browser.safebrowsing.passwords.enabled
1546951982500	Marionette	DEBUG	Resetting recommended pref browser.urlbar.suggest.searches
1546951982500	Marionette	DEBUG	Resetting recommended pref datareporting.policy.dataSubmissionPolicyAccepted
1546951982500	Marionette	DEBUG	Resetting recommended pref dom.disable_beforeunload
1546951982501	Marionette	DEBUG	Resetting recommended pref dom.file.createInChild
1546951982501	Marionette	DEBUG	Resetting recommended pref toolkit.cosmeticAnimations.enabled
1546951982501	Marionette	INFO	Stopped listening on port 42937
1546951982501	Marionette	DEBUG	Remote service is inactive
1546952148740	geckodriver	INFO	geckodriver 0.18.0
1546952148744	geckodriver	INFO	Listening on 127.0.0.1:59869
1546952149873	geckodriver::marionette	INFO	Starting browser /usr/bin/firefox with args ["-marionette"]
1546952150273	addons.webextension.screenshots@mozilla.org	WARN	Loading extension 'screenshots@mozilla.org': Reading manifest: Invalid host permission: resource://pdf.js/
1546952150274	addons.webextension.screenshots@mozilla.org	WARN	Loading extension 'screenshots@mozilla.org': Reading manifest: Invalid host permission: about:reader*
1546952150429	Marionette	DEBUG	Received observer notification profile-after-change
1546952150524	Marionette	DEBUG	Received observer notification command-line-startup
1546952150524	Marionette	DEBUG	Received observer notification nsPref:changed
1546952150525	Marionette	DEBUG	Init aborted (running=false, enabled=true, finalUIStartup=false)
1546952150770	Marionette	DEBUG	Received observer notification toplevel-window-ready
1546952151626	Marionette	DEBUG	Received observer notification sessionstore-windows-restored
1546952151626	Marionette	DEBUG	Waiting for delayed startup...
1546952151753	Marionette	DEBUG	Setting recommended pref app.normandy.api_url to 
1546952151753	Marionette	DEBUG	Setting recommended pref app.update.disabledForTesting to true
1546952151754	Marionette	DEBUG	Setting recommended pref security.turn_off_all_security_so_that_viruses_can_take_over_this_computer to true
1546952151754	Marionette	DEBUG	Setting recommended pref browser.contentblocking.introCount to 99
1546952151755	Marionette	DEBUG	Setting recommended pref browser.safebrowsing.passwords.enabled to false
1546952151755	Marionette	DEBUG	Setting recommended pref browser.urlbar.suggest.searches to false
1546952151755	Marionette	DEBUG	Setting recommended pref datareporting.policy.dataSubmissionPolicyAccepted to false
1546952151755	Marionette	DEBUG	Setting recommended pref dom.disable_beforeunload to true
1546952151755	Marionette	DEBUG	Setting recommended pref dom.file.createInChild to true
1546952151755	Marionette	DEBUG	Setting recommended pref toolkit.cosmeticAnimations.enabled to false
1546952151798	Marionette	INFO	Listening on port 36587
1546952151798	Marionette	DEBUG	Remote service is active
1546952151916	Marionette	DEBUG	Accepted connection 0 from 127.0.0.1:35774
1546952151919	Marionette	TRACE	0 -> [0,1,"newSession",{"acceptInsecureCerts":true,"browserName":"firefox","capabilities":{"desiredCapabilities":{"acceptInsecureCerts":true,"browserName":"firefox"}}}]
1546952151919	Marionette	TRACE	0 <- [1,1,{"error":"unknown command","message":"newSession","stacktrace":"WebDriverError@chrome://marionette/content/error.js:178: ... et@chrome://marionette/content/server.js:236:8\n_onJSONObjectReady/<@chrome://marionette/content/transport.js:490:9\n"},null]
1546952151930	Marionette	DEBUG	Closed connection 0
1546952155860	Marionette	DEBUG	Received observer notification xpcom-will-shutdown
1546952155860	Marionette	DEBUG	Resetting recommended pref app.normandy.api_url
1546952155860	Marionette	DEBUG	Resetting recommended pref app.update.disabledForTesting
1546952155861	Marionette	DEBUG	Resetting recommended pref security.turn_off_all_security_so_that_viruses_can_take_over_this_computer
1546952155861	Marionette	DEBUG	Resetting recommended pref browser.contentblocking.introCount
1546952155861	Marionette	DEBUG	Resetting recommended pref browser.safebrowsing.passwords.enabled
1546952155861	Marionette	DEBUG	Resetting recommended pref browser.urlbar.suggest.searches
1546952155861	Marionette	DEBUG	Resetting recommended pref datareporting.policy.dataSubmissionPolicyAccepted
1546952155861	Marionette	DEBUG	Resetting recommended pref dom.disable_beforeunload
1546952155861	Marionette	DEBUG	Resetting recommended pref dom.file.createInChild
1546952155861	Marionette	DEBUG	Resetting recommended pref toolkit.cosmeticAnimations.enabled
1546952155862	Marionette	INFO	Stopped listening on port 36587
1546952155862	Marionette	DEBUG	Remote service is inactive
1546952412914	mozrunner::runner	INFO	Running command: "/usr/bin/firefox" "-marionette" "-foreground" "-no-remote" "-profile" "/tmp/rust_mozprofile.4oF0J4yQf9NJ"
1546952413307	addons.webextension.screenshots@mozilla.org	WARN	Loading extension 'screenshots@mozilla.org': Reading manifest: Invalid host permission: resource://pdf.js/
1546952413308	addons.webextension.screenshots@mozilla.org	WARN	Loading extension 'screenshots@mozilla.org': Reading manifest: Invalid host permission: about:reader*
1546952414935	Marionette	INFO	Listening on port 42511
1546952415071	Marionette	WARN	TLS certificate errors will be ignored for this session
1546952418850	Marionette	INFO	Stopped listening on port 42511
[Parent 22901, Gecko_IOThread] WARNING: pipe error (79): Connection reset by peer: file /build/firefox-wWf_B4/firefox-64.0+build3/ipc/chromium/src/chrome/common/ipc_channel_posix.cc, line 363
[Parent 22901, Gecko_IOThread] WARNING: pipe error (96): Connection reset by peer: file /build/firefox-wWf_B4/firefox-64.0+build3/ipc/chromium/src/chrome/common/ipc_channel_posix.cc, line 363
1546952603289	mozrunner::runner	INFO	Running command: "/usr/bin/firefox" "-marionette" "-foreground" "-no-remote" "-profile" "/tmp/rust_mozprofile.bbam3xsxL7Cd"
1546952603700	addons.webextension.screenshots@mozilla.org	WARN	Loading extension 'screenshots@mozilla.org': Reading manifest: Invalid host permission: resource://pdf.js/
1546952603700	addons.webextension.screenshots@mozilla.org	WARN	Loading extension 'screenshots@mozilla.org': Reading manifest: Invalid host permission: about:reader*
1546952605254	Marionette	INFO	Listening on port 40805
1546952605304	Marionette	WARN	TLS certificate errors will be ignored for this session
1546952609210	Marionette	INFO	Stopped listening on port 40805
JavaScript error: resource://gre/modules/WebProgressChild.jsm, line 58: TypeError: this.mm.content is null
[Parent 24029, Gecko_IOThread] WARNING: pipe error (79): Connection reset by peer: file /build/firefox-wWf_B4/firefox-64.0+build3/ipc/chromium/src/chrome/common/ipc_channel_posix.cc, line 363
1546952645600	mozrunner::runner	INFO	Running command: "/usr/bin/firefox" "-marionette" "--headless" "-foreground" "-no-remote" "-profile" "/tmp/rust_mozprofile.5HKUM4agQLfE"
*** You are running in headless mode.
1546952645956	addons.webextension.screenshots@mozilla.org	WARN	Loading extension 'screenshots@mozilla.org': Reading manifest: Invalid host permission: resource://pdf.js/
1546952645956	addons.webextension.screenshots@mozilla.org	WARN	Loading extension 'screenshots@mozilla.org': Reading manifest: Invalid host permission: about:reader*
1546952647353	Marionette	INFO	Listening on port 45063
1546952647409	Marionette	WARN	TLS certificate errors will be ignored for this session
1546952652237	Marionette	INFO	Stopped listening on port 45063
[Parent 24922, Gecko_IOThread] WARNING: pipe error (66): Connection reset by peer: file /build/firefox-wWf_B4/firefox-64.0+build3/ipc/chromium/src/chrome/common/ipc_channel_posix.cc, line 363
1546955888222	mozrunner::runner	INFO	Running command: "/usr/bin/firefox" "-marionette" "--headless" "-foreground" "-no-remote" "-profile" "/tmp/rust_mozprofile.qHhKd4caxv8e"
*** You are running in headless mode.
1546955888582	addons.webextension.screenshots@mozilla.org	WARN	Loading extension 'screenshots@mozilla.org': Reading manifest: Invalid host permission: resource://pdf.js/
1546955888582	addons.webextension.screenshots@mozilla.org	WARN	Loading extension 'screenshots@mozilla.org': Reading manifest: Invalid host permission: about:reader*
1546955890002	Marionette	INFO	Listening on port 34961
1546955890032	Marionette	WARN	TLS certificate errors will be ignored for this session
1546955895175	Marionette	INFO	Stopped listening on port 34961
[Parent 25680, Gecko_IOThread] WARNING: pipe error (66): Connection reset by peer: file /build/firefox-wWf_B4/firefox-64.0+build3/ipc/chromium/src/chrome/common/ipc_channel_posix.cc, line 363
[Parent 25680, Gecko_IOThread] WARNING: pipe error (73): Connection reset by peer: file /build/firefox-wWf_B4/firefox-64.0+build3/ipc/chromium/src/chrome/common/ipc_channel_posix.cc, line 363
1546956092351	mozrunner::runner	INFO	Running command: "/usr/bin/firefox" "-marionette" "--headless" "-foreground" "-no-remote" "-profile" "/tmp/rust_mozprofile.SRne6gpL6Wpr"
*** You are running in headless mode.
1546956092698	addons.webextension.screenshots@mozilla.org	WARN	Loading extension 'screenshots@mozilla.org': Reading manifest: Invalid host permission: resource://pdf.js/
1546956092698	addons.webextension.screenshots@mozilla.org	WARN	Loading extension 'screenshots@mozilla.org': Reading manifest: Invalid host permission: about:reader*
1546956093998	Marionette	INFO	Listening on port 41261
1546956094060	Marionette	WARN	TLS certificate errors will be ignored for this session
1546956097609	Marionette	INFO	Stopped listening on port 41261
[Parent 26059, Gecko_IOThread] WARNING: pipe error (66): Connection reset by peer: file /build/firefox-wWf_B4/firefox-64.0+build3/ipc/chromium/src/chrome/common/ipc_channel_posix.cc, line 363
